0 info it worked if it ends with ok
1 verbose cli [ 'node', '/usr/local/bin/npm', 'install' ]
2 info using npm@1.4.28
3 info using node@v0.10.33
4 warn package.json foodmapsadmin@1.0.0 No repository field.
5 warn package.json foodmapsadmin@1.0.0 No README data
6 verbose readDependencies using package.json deps
7 verbose install where, deps [ '/Users/mbernardini/ionic/foodmapsadmin',
7 verbose install   [ 'gulp',
7 verbose install     'gulp-sass',
7 verbose install     'gulp-concat',
7 verbose install     'gulp-minify-css',
7 verbose install     'gulp-rename',
7 verbose install     'bower',
7 verbose install     'gulp-util',
7 verbose install     'shelljs' ] ]
8 info preinstall foodmapsadmin@1.0.0
9 verbose readDependencies using package.json deps
10 verbose cache add [ 'gulp@^3.5.6', null ]
11 verbose cache add name=undefined spec="gulp@^3.5.6" args=["gulp@^3.5.6",null]
12 verbose parsed url { protocol: null,
12 verbose parsed url   slashes: null,
12 verbose parsed url   auth: null,
12 verbose parsed url   host: null,
12 verbose parsed url   port: null,
12 verbose parsed url   hostname: null,
12 verbose parsed url   hash: null,
12 verbose parsed url   search: null,
12 verbose parsed url   query: null,
12 verbose parsed url   pathname: 'gulp@^3.5.6',
12 verbose parsed url   path: 'gulp@^3.5.6',
12 verbose parsed url   href: 'gulp@^3.5.6' }
13 verbose cache add [ 'gulp-sass@^0.7.1', null ]
14 verbose cache add name=undefined spec="gulp-sass@^0.7.1" args=["gulp-sass@^0.7.1",null]
15 verbose parsed url { protocol: null,
15 verbose parsed url   slashes: null,
15 verbose parsed url   auth: null,
15 verbose parsed url   host: null,
15 verbose parsed url   port: null,
15 verbose parsed url   hostname: null,
15 verbose parsed url   hash: null,
15 verbose parsed url   search: null,
15 verbose parsed url   query: null,
15 verbose parsed url   pathname: 'gulp-sass@^0.7.1',
15 verbose parsed url   path: 'gulp-sass@^0.7.1',
15 verbose parsed url   href: 'gulp-sass@^0.7.1' }
16 verbose cache add name="gulp" spec="^3.5.6" args=["gulp","^3.5.6"]
17 verbose parsed url { protocol: null,
17 verbose parsed url   slashes: null,
17 verbose parsed url   auth: null,
17 verbose parsed url   host: null,
17 verbose parsed url   port: null,
17 verbose parsed url   hostname: null,
17 verbose parsed url   hash: null,
17 verbose parsed url   search: null,
17 verbose parsed url   query: null,
17 verbose parsed url   pathname: '^3.5.6',
17 verbose parsed url   path: '^3.5.6',
17 verbose parsed url   href: '^3.5.6' }
18 verbose addNamed [ 'gulp', '^3.5.6' ]
19 verbose addNamed [ null, '>=3.5.6-0 <4.0.0-0' ]
20 verbose cache add name="gulp-sass" spec="^0.7.1" args=["gulp-sass","^0.7.1"]
21 verbose parsed url { protocol: null,
21 verbose parsed url   slashes: null,
21 verbose parsed url   auth: null,
21 verbose parsed url   host: null,
21 verbose parsed url   port: null,
21 verbose parsed url   hostname: null,
21 verbose parsed url   hash: null,
21 verbose parsed url   search: null,
21 verbose parsed url   query: null,
21 verbose parsed url   pathname: '^0.7.1',
21 verbose parsed url   path: '^0.7.1',
21 verbose parsed url   href: '^0.7.1' }
22 verbose addNamed [ 'gulp-sass', '^0.7.1' ]
23 verbose addNamed [ null, '>=0.7.1-0 <0.8.0-0' ]
24 verbose cache add [ 'gulp-concat@^2.2.0', null ]
25 verbose cache add name=undefined spec="gulp-concat@^2.2.0" args=["gulp-concat@^2.2.0",null]
26 verbose parsed url { protocol: null,
26 verbose parsed url   slashes: null,
26 verbose parsed url   auth: null,
26 verbose parsed url   host: null,
26 verbose parsed url   port: null,
26 verbose parsed url   hostname: null,
26 verbose parsed url   hash: null,
26 verbose parsed url   search: null,
26 verbose parsed url   query: null,
26 verbose parsed url   pathname: 'gulp-concat@^2.2.0',
26 verbose parsed url   path: 'gulp-concat@^2.2.0',
26 verbose parsed url   href: 'gulp-concat@^2.2.0' }
27 verbose cache add [ 'gulp-minify-css@^0.3.0', null ]
28 verbose cache add name=undefined spec="gulp-minify-css@^0.3.0" args=["gulp-minify-css@^0.3.0",null]
29 verbose parsed url { protocol: null,
29 verbose parsed url   slashes: null,
29 verbose parsed url   auth: null,
29 verbose parsed url   host: null,
29 verbose parsed url   port: null,
29 verbose parsed url   hostname: null,
29 verbose parsed url   hash: null,
29 verbose parsed url   search: null,
29 verbose parsed url   query: null,
29 verbose parsed url   pathname: 'gulp-minify-css@^0.3.0',
29 verbose parsed url   path: 'gulp-minify-css@^0.3.0',
29 verbose parsed url   href: 'gulp-minify-css@^0.3.0' }
30 verbose cache add [ 'gulp-rename@^1.2.0', null ]
31 verbose cache add name=undefined spec="gulp-rename@^1.2.0" args=["gulp-rename@^1.2.0",null]
32 verbose parsed url { protocol: null,
32 verbose parsed url   slashes: null,
32 verbose parsed url   auth: null,
32 verbose parsed url   host: null,
32 verbose parsed url   port: null,
32 verbose parsed url   hostname: null,
32 verbose parsed url   hash: null,
32 verbose parsed url   search: null,
32 verbose parsed url   query: null,
32 verbose parsed url   pathname: 'gulp-rename@^1.2.0',
32 verbose parsed url   path: 'gulp-rename@^1.2.0',
32 verbose parsed url   href: 'gulp-rename@^1.2.0' }
33 verbose cache add [ 'bower@^1.3.3', null ]
34 verbose cache add name=undefined spec="bower@^1.3.3" args=["bower@^1.3.3",null]
35 verbose parsed url { protocol: null,
35 verbose parsed url   slashes: null,
35 verbose parsed url   auth: null,
35 verbose parsed url   host: null,
35 verbose parsed url   port: null,
35 verbose parsed url   hostname: null,
35 verbose parsed url   hash: null,
35 verbose parsed url   search: null,
35 verbose parsed url   query: null,
35 verbose parsed url   pathname: 'bower@^1.3.3',
35 verbose parsed url   path: 'bower@^1.3.3',
35 verbose parsed url   href: 'bower@^1.3.3' }
36 verbose cache add [ 'gulp-util@^2.2.14', null ]
37 verbose cache add name=undefined spec="gulp-util@^2.2.14" args=["gulp-util@^2.2.14",null]
38 verbose parsed url { protocol: null,
38 verbose parsed url   slashes: null,
38 verbose parsed url   auth: null,
38 verbose parsed url   host: null,
38 verbose parsed url   port: null,
38 verbose parsed url   hostname: null,
38 verbose parsed url   hash: null,
38 verbose parsed url   search: null,
38 verbose parsed url   query: null,
38 verbose parsed url   pathname: 'gulp-util@^2.2.14',
38 verbose parsed url   path: 'gulp-util@^2.2.14',
38 verbose parsed url   href: 'gulp-util@^2.2.14' }
39 verbose cache add [ 'shelljs@^0.3.0', null ]
40 verbose cache add name=undefined spec="shelljs@^0.3.0" args=["shelljs@^0.3.0",null]
41 verbose parsed url { protocol: null,
41 verbose parsed url   slashes: null,
41 verbose parsed url   auth: null,
41 verbose parsed url   host: null,
41 verbose parsed url   port: null,
41 verbose parsed url   hostname: null,
41 verbose parsed url   hash: null,
41 verbose parsed url   search: null,
41 verbose parsed url   query: null,
41 verbose parsed url   pathname: 'shelljs@^0.3.0',
41 verbose parsed url   path: 'shelljs@^0.3.0',
41 verbose parsed url   href: 'shelljs@^0.3.0' }
42 silly lockFile 28ac0b1b-gulp-3-5-6 gulp@^3.5.6
43 verbose lock gulp@^3.5.6 /Users/mbernardini/.npm/28ac0b1b-gulp-3-5-6.lock
44 silly lockFile 77100620-gulp-sass-0-7-1 gulp-sass@^0.7.1
45 verbose lock gulp-sass@^0.7.1 /Users/mbernardini/.npm/77100620-gulp-sass-0-7-1.lock
46 verbose cache add name="gulp-concat" spec="^2.2.0" args=["gulp-concat","^2.2.0"]
47 verbose parsed url { protocol: null,
47 verbose parsed url   slashes: null,
47 verbose parsed url   auth: null,
47 verbose parsed url   host: null,
47 verbose parsed url   port: null,
47 verbose parsed url   hostname: null,
47 verbose parsed url   hash: null,
47 verbose parsed url   search: null,
47 verbose parsed url   query: null,
47 verbose parsed url   pathname: '^2.2.0',
47 verbose parsed url   path: '^2.2.0',
47 verbose parsed url   href: '^2.2.0' }
48 verbose addNamed [ 'gulp-concat', '^2.2.0' ]
49 verbose addNamed [ null, '>=2.2.0-0 <3.0.0-0' ]
50 silly lockFile bade1119-gulp-concat-2-2-0 gulp-concat@^2.2.0
51 verbose lock gulp-concat@^2.2.0 /Users/mbernardini/.npm/bade1119-gulp-concat-2-2-0.lock
52 verbose cache add name="gulp-minify-css" spec="^0.3.0" args=["gulp-minify-css","^0.3.0"]
53 verbose parsed url { protocol: null,
53 verbose parsed url   slashes: null,
53 verbose parsed url   auth: null,
53 verbose parsed url   host: null,
53 verbose parsed url   port: null,
53 verbose parsed url   hostname: null,
53 verbose parsed url   hash: null,
53 verbose parsed url   search: null,
53 verbose parsed url   query: null,
53 verbose parsed url   pathname: '^0.3.0',
53 verbose parsed url   path: '^0.3.0',
53 verbose parsed url   href: '^0.3.0' }
54 verbose addNamed [ 'gulp-minify-css', '^0.3.0' ]
55 verbose addNamed [ null, '>=0.3.0-0 <0.4.0-0' ]
56 silly lockFile 97140670-gulp-minify-css-0-3-0 gulp-minify-css@^0.3.0
57 verbose lock gulp-minify-css@^0.3.0 /Users/mbernardini/.npm/97140670-gulp-minify-css-0-3-0.lock
58 verbose cache add name="gulp-rename" spec="^1.2.0" args=["gulp-rename","^1.2.0"]
59 verbose parsed url { protocol: null,
59 verbose parsed url   slashes: null,
59 verbose parsed url   auth: null,
59 verbose parsed url   host: null,
59 verbose parsed url   port: null,
59 verbose parsed url   hostname: null,
59 verbose parsed url   hash: null,
59 verbose parsed url   search: null,
59 verbose parsed url   query: null,
59 verbose parsed url   pathname: '^1.2.0',
59 verbose parsed url   path: '^1.2.0',
59 verbose parsed url   href: '^1.2.0' }
60 verbose addNamed [ 'gulp-rename', '^1.2.0' ]
61 verbose addNamed [ null, '>=1.2.0-0 <2.0.0-0' ]
62 silly lockFile 31cef36d-gulp-rename-1-2-0 gulp-rename@^1.2.0
63 verbose lock gulp-rename@^1.2.0 /Users/mbernardini/.npm/31cef36d-gulp-rename-1-2-0.lock
64 verbose cache add name="bower" spec="^1.3.3" args=["bower","^1.3.3"]
65 verbose parsed url { protocol: null,
65 verbose parsed url   slashes: null,
65 verbose parsed url   auth: null,
65 verbose parsed url   host: null,
65 verbose parsed url   port: null,
65 verbose parsed url   hostname: null,
65 verbose parsed url   hash: null,
65 verbose parsed url   search: null,
65 verbose parsed url   query: null,
65 verbose parsed url   pathname: '^1.3.3',
65 verbose parsed url   path: '^1.3.3',
65 verbose parsed url   href: '^1.3.3' }
66 verbose addNamed [ 'bower', '^1.3.3' ]
67 verbose addNamed [ null, '>=1.3.3-0 <2.0.0-0' ]
68 silly lockFile 0aa5c27e-bower-1-3-3 bower@^1.3.3
69 verbose lock bower@^1.3.3 /Users/mbernardini/.npm/0aa5c27e-bower-1-3-3.lock
70 verbose cache add name="gulp-util" spec="^2.2.14" args=["gulp-util","^2.2.14"]
71 verbose parsed url { protocol: null,
71 verbose parsed url   slashes: null,
71 verbose parsed url   auth: null,
71 verbose parsed url   host: null,
71 verbose parsed url   port: null,
71 verbose parsed url   hostname: null,
71 verbose parsed url   hash: null,
71 verbose parsed url   search: null,
71 verbose parsed url   query: null,
71 verbose parsed url   pathname: '^2.2.14',
71 verbose parsed url   path: '^2.2.14',
71 verbose parsed url   href: '^2.2.14' }
72 verbose addNamed [ 'gulp-util', '^2.2.14' ]
73 verbose addNamed [ null, '>=2.2.14-0 <3.0.0-0' ]
74 silly lockFile e3e5f16b-gulp-util-2-2-14 gulp-util@^2.2.14
75 verbose lock gulp-util@^2.2.14 /Users/mbernardini/.npm/e3e5f16b-gulp-util-2-2-14.lock
76 verbose cache add name="shelljs" spec="^0.3.0" args=["shelljs","^0.3.0"]
77 verbose parsed url { protocol: null,
77 verbose parsed url   slashes: null,
77 verbose parsed url   auth: null,
77 verbose parsed url   host: null,
77 verbose parsed url   port: null,
77 verbose parsed url   hostname: null,
77 verbose parsed url   hash: null,
77 verbose parsed url   search: null,
77 verbose parsed url   query: null,
77 verbose parsed url   pathname: '^0.3.0',
77 verbose parsed url   path: '^0.3.0',
77 verbose parsed url   href: '^0.3.0' }
78 verbose addNamed [ 'shelljs', '^0.3.0' ]
79 verbose addNamed [ null, '>=0.3.0-0 <0.4.0-0' ]
80 silly lockFile 1ddaa962-shelljs-0-3-0 shelljs@^0.3.0
81 verbose lock shelljs@^0.3.0 /Users/mbernardini/.npm/1ddaa962-shelljs-0-3-0.lock
82 silly addNameRange { name: 'gulp', range: '>=3.5.6-0 <4.0.0-0', hasData: false }
83 silly addNameRange { name: 'gulp-sass',
83 silly addNameRange   range: '>=0.7.1-0 <0.8.0-0',
83 silly addNameRange   hasData: false }
84 silly addNameRange { name: 'gulp-concat',
84 silly addNameRange   range: '>=2.2.0-0 <3.0.0-0',
84 silly addNameRange   hasData: false }
85 silly addNameRange { name: 'gulp-minify-css',
85 silly addNameRange   range: '>=0.3.0-0 <0.4.0-0',
85 silly addNameRange   hasData: false }
86 silly addNameRange { name: 'gulp-rename',
86 silly addNameRange   range: '>=1.2.0-0 <2.0.0-0',
86 silly addNameRange   hasData: false }
87 silly addNameRange { name: 'bower', range: '>=1.3.3-0 <2.0.0-0', hasData: false }
88 silly addNameRange { name: 'gulp-util',
88 silly addNameRange   range: '>=2.2.14-0 <3.0.0-0',
88 silly addNameRange   hasData: false }
89 silly addNameRange { name: 'shelljs', range: '>=0.3.0-0 <0.4.0-0', hasData: false }
90 verbose request where is /gulp
91 verbose request registry https://registry.npmjs.org/
92 verbose request id 3fc8d1945d0a93b8
93 verbose url raw /gulp
94 verbose url resolving [ 'https://registry.npmjs.org/', './gulp' ]
95 verbose url resolved https://registry.npmjs.org/gulp
96 verbose request where is https://registry.npmjs.org/gulp
97 info trying registry request attempt 1 at 13:55:25
98 http GET https://registry.npmjs.org/gulp
99 verbose request where is /gulp-sass
100 verbose request registry https://registry.npmjs.org/
101 verbose url raw /gulp-sass
102 verbose url resolving [ 'https://registry.npmjs.org/', './gulp-sass' ]
103 verbose url resolved https://registry.npmjs.org/gulp-sass
104 verbose request where is https://registry.npmjs.org/gulp-sass
105 info trying registry request attempt 1 at 13:55:25
106 http GET https://registry.npmjs.org/gulp-sass
107 verbose request where is /gulp-concat
108 verbose request registry https://registry.npmjs.org/
109 verbose url raw /gulp-concat
110 verbose url resolving [ 'https://registry.npmjs.org/', './gulp-concat' ]
111 verbose url resolved https://registry.npmjs.org/gulp-concat
112 verbose request where is https://registry.npmjs.org/gulp-concat
113 info trying registry request attempt 1 at 13:55:25
114 http GET https://registry.npmjs.org/gulp-concat
115 verbose request where is /gulp-minify-css
116 verbose request registry https://registry.npmjs.org/
117 verbose url raw /gulp-minify-css
118 verbose url resolving [ 'https://registry.npmjs.org/', './gulp-minify-css' ]
119 verbose url resolved https://registry.npmjs.org/gulp-minify-css
120 verbose request where is https://registry.npmjs.org/gulp-minify-css
121 info trying registry request attempt 1 at 13:55:25
122 http GET https://registry.npmjs.org/gulp-minify-css
123 verbose request where is /gulp-rename
124 verbose request registry https://registry.npmjs.org/
125 verbose url raw /gulp-rename
126 verbose url resolving [ 'https://registry.npmjs.org/', './gulp-rename' ]
127 verbose url resolved https://registry.npmjs.org/gulp-rename
128 verbose request where is https://registry.npmjs.org/gulp-rename
129 info trying registry request attempt 1 at 13:55:25
130 http GET https://registry.npmjs.org/gulp-rename
131 verbose request where is /bower
132 verbose request registry https://registry.npmjs.org/
133 verbose url raw /bower
134 verbose url resolving [ 'https://registry.npmjs.org/', './bower' ]
135 verbose url resolved https://registry.npmjs.org/bower
136 verbose request where is https://registry.npmjs.org/bower
137 info trying registry request attempt 1 at 13:55:25
138 http GET https://registry.npmjs.org/bower
139 verbose request where is /gulp-util
140 verbose request registry https://registry.npmjs.org/
141 verbose url raw /gulp-util
142 verbose url resolving [ 'https://registry.npmjs.org/', './gulp-util' ]
143 verbose url resolved https://registry.npmjs.org/gulp-util
144 verbose request where is https://registry.npmjs.org/gulp-util
145 info trying registry request attempt 1 at 13:55:25
146 http GET https://registry.npmjs.org/gulp-util
147 verbose request where is /shelljs
148 verbose request registry https://registry.npmjs.org/
149 verbose url raw /shelljs
150 verbose url resolving [ 'https://registry.npmjs.org/', './shelljs' ]
151 verbose url resolved https://registry.npmjs.org/shelljs
152 verbose request where is https://registry.npmjs.org/shelljs
153 info trying registry request attempt 1 at 13:55:25
154 http GET https://registry.npmjs.org/shelljs
155 http 200 https://registry.npmjs.org/gulp-rename
156 silly registry.get cb [ 200,
156 silly registry.get   { date: 'Thu, 08 Jan 2015 12:55:25 GMT',
156 silly registry.get     server: 'CouchDB/1.5.0 (Erlang OTP/R14B04)',
156 silly registry.get     etag: '"60WBCMN14FDE2SFUINET0BAPU"',
156 silly registry.get     'content-type': 'application/json',
156 silly registry.get     'cache-control': 'max-age=60',
156 silly registry.get     'content-length': '9928',
156 silly registry.get     'accept-ranges': 'bytes',
156 silly registry.get     via: '1.1 varnish',
156 silly registry.get     age: '51',
156 silly registry.get     'x-served-by': 'cache-fra1230-FRA',
156 silly registry.get     'x-cache': 'HIT',
156 silly registry.get     'x-cache-hits': '1',
156 silly registry.get     'x-timer': 'S1420721725.454002,VS0,VE0',
156 silly registry.get     vary: 'Accept',
156 silly registry.get     'keep-alive': 'timeout=10, max=50',
156 silly registry.get     connection: 'Keep-Alive' } ]
157 silly addNameRange number 2 { name: 'gulp-rename',
157 silly addNameRange   range: '>=1.2.0-0 <2.0.0-0',
157 silly addNameRange   hasData: true }
158 silly addNameRange versions [ 'gulp-rename',
158 silly addNameRange   [ '0.1.0', '0.2.1', '0.2.2', '1.0.0', '1.1.0', '1.2.0' ] ]
159 verbose addNamed [ 'gulp-rename', '1.2.0' ]
160 verbose addNamed [ '1.2.0', '1.2.0' ]
161 silly lockFile 5981c611-gulp-rename-1-2-0 gulp-rename@1.2.0
162 verbose lock gulp-rename@1.2.0 /Users/mbernardini/.npm/5981c611-gulp-rename-1-2-0.lock
163 silly lockFile b4be9a05-ulp-rename-gulp-rename-1-2-0-tgz https://registry.npmjs.org/gulp-rename/-/gulp-rename-1.2.0.tgz
164 verbose lock https://registry.npmjs.org/gulp-rename/-/gulp-rename-1.2.0.tgz /Users/mbernardini/.npm/b4be9a05-ulp-rename-gulp-rename-1-2-0-tgz.lock
165 verbose addRemoteTarball [ 'https://registry.npmjs.org/gulp-rename/-/gulp-rename-1.2.0.tgz',
165 verbose addRemoteTarball   '060394a09b085cf5d46fc48acdc5657f8fee9e4e' ]
166 http 200 https://registry.npmjs.org/gulp-minify-css
167 silly registry.get cb [ 200,
167 silly registry.get   { date: 'Thu, 08 Jan 2015 12:55:25 GMT',
167 silly registry.get     server: 'CouchDB/1.5.0 (Erlang OTP/R16B03)',
167 silly registry.get     etag: '"9F697QR9MPL9Z3X271LN8UB4B"',
167 silly registry.get     'content-type': 'application/json',
167 silly registry.get     'cache-control': 'max-age=60',
167 silly registry.get     'content-length': '22084',
167 silly registry.get     'accept-ranges': 'bytes',
167 silly registry.get     via: '1.1 varnish',
167 silly registry.get     age: '51',
167 silly registry.get     'x-served-by': 'cache-fra1240-FRA',
167 silly registry.get     'x-cache': 'HIT',
167 silly registry.get     'x-cache-hits': '1',
167 silly registry.get     'x-timer': 'S1420721725.443764,VS0,VE0',
167 silly registry.get     vary: 'Accept',
167 silly registry.get     'keep-alive': 'timeout=10, max=50',
167 silly registry.get     connection: 'Keep-Alive' } ]
168 info retry fetch attempt 1 at 13:55:25
169 verbose fetch to= /var/folders/mc/7g16x1vj2_g8xw6521lvm2xw0000gn/T/npm-1623-V1V1z_N9/registry.npmjs.org/gulp-rename/-/gulp-rename-1.2.0.tgz
170 http GET https://registry.npmjs.org/gulp-rename/-/gulp-rename-1.2.0.tgz
171 silly addNameRange number 2 { name: 'gulp-minify-css',
171 silly addNameRange   range: '>=0.3.0-0 <0.4.0-0',
171 silly addNameRange   hasData: true }
172 silly addNameRange versions [ 'gulp-minify-css',
172 silly addNameRange   [ '0.0.1',
172 silly addNameRange     '0.1.0',
172 silly addNameRange     '0.2.0',
172 silly addNameRange     '0.3.0',
172 silly addNameRange     '0.3.1',
172 silly addNameRange     '0.3.2',
172 silly addNameRange     '0.3.3',
172 silly addNameRange     '0.3.4',
172 silly addNameRange     '0.3.5',
172 silly addNameRange     '0.3.6',
172 silly addNameRange     '0.3.7',
172 silly addNameRange     '0.3.8',
172 silly addNameRange     '0.3.9',
172 silly addNameRange     '0.3.10',
172 silly addNameRange     '0.3.11' ] ]
173 verbose addNamed [ 'gulp-minify-css', '0.3.11' ]
174 verbose addNamed [ '0.3.11', '0.3.11' ]
175 silly lockFile 45873031-gulp-minify-css-0-3-11 gulp-minify-css@0.3.11
176 verbose lock gulp-minify-css@0.3.11 /Users/mbernardini/.npm/45873031-gulp-minify-css-0-3-11.lock
177 silly lockFile ae01cb9a-y-css-gulp-minify-css-0-3-11-tgz https://registry.npmjs.org/gulp-minify-css/-/gulp-minify-css-0.3.11.tgz
178 verbose lock https://registry.npmjs.org/gulp-minify-css/-/gulp-minify-css-0.3.11.tgz /Users/mbernardini/.npm/ae01cb9a-y-css-gulp-minify-css-0-3-11-tgz.lock
179 verbose addRemoteTarball [ 'https://registry.npmjs.org/gulp-minify-css/-/gulp-minify-css-0.3.11.tgz',
179 verbose addRemoteTarball   'e2133aaacb09e8ac439e2e398483cde35e323b76' ]
180 info retry fetch attempt 1 at 13:55:25
181 verbose fetch to= /var/folders/mc/7g16x1vj2_g8xw6521lvm2xw0000gn/T/npm-1623-V1V1z_N9/registry.npmjs.org/gulp-minify-css/-/gulp-minify-css-0.3.11.tgz
182 http GET https://registry.npmjs.org/gulp-minify-css/-/gulp-minify-css-0.3.11.tgz
183 http 200 https://registry.npmjs.org/gulp-util
184 silly registry.get cb [ 200,
184 silly registry.get   { date: 'Thu, 08 Jan 2015 12:55:25 GMT',
184 silly registry.get     server: 'CouchDB/1.5.0 (Erlang OTP/R16B03)',
184 silly registry.get     etag: '"82IYC3D2IODVGV2YWQRUDOFPV"',
184 silly registry.get     'content-type': 'application/json',
184 silly registry.get     'cache-control': 'max-age=60',
184 silly registry.get     'content-length': '51545',
184 silly registry.get     'accept-ranges': 'bytes',
184 silly registry.get     via: '1.1 varnish',
184 silly registry.get     age: '57',
184 silly registry.get     'x-served-by': 'cache-fra1240-FRA',
184 silly registry.get     'x-cache': 'HIT',
184 silly registry.get     'x-cache-hits': '2',
184 silly registry.get     'x-timer': 'S1420721725.496073,VS0,VE0',
184 silly registry.get     vary: 'Accept',
184 silly registry.get     'keep-alive': 'timeout=10, max=49',
184 silly registry.get     connection: 'Keep-Alive' } ]
185 silly addNameRange number 2 { name: 'gulp-util',
185 silly addNameRange   range: '>=2.2.14-0 <3.0.0-0',
185 silly addNameRange   hasData: true }
186 silly addNameRange versions [ 'gulp-util',
186 silly addNameRange   [ '0.0.1',
186 silly addNameRange     '1.0.0',
186 silly addNameRange     '1.1.0',
186 silly addNameRange     '1.1.1',
186 silly addNameRange     '1.2.0',
186 silly addNameRange     '1.3.0',
186 silly addNameRange     '2.0.0',
186 silly addNameRange     '2.1.1',
186 silly addNameRange     '2.1.2',
186 silly addNameRange     '2.1.3',
186 silly addNameRange     '2.1.4',
186 silly addNameRange     '2.2.0',
186 silly addNameRange     '2.2.1',
186 silly addNameRange     '2.2.2',
186 silly addNameRange     '2.2.3',
186 silly addNameRange     '2.2.5',
186 silly addNameRange     '2.2.6',
186 silly addNameRange     '2.2.7',
186 silly addNameRange     '2.2.8',
186 silly addNameRange     '2.2.9',
186 silly addNameRange     '2.2.10',
186 silly addNameRange     '2.2.11',
186 silly addNameRange     '2.2.12',
186 silly addNameRange     '2.2.13',
186 silly addNameRange     '2.2.14',
186 silly addNameRange     '2.2.15',
186 silly addNameRange     '2.2.16',
186 silly addNameRange     '2.2.17',
186 silly addNameRange     '2.2.18',
186 silly addNameRange     '2.2.19',
186 silly addNameRange     '2.2.20',
186 silly addNameRange     '3.0.0',
186 silly addNameRange     '3.0.1',
186 silly addNameRange     '3.0.2' ] ]
187 verbose addNamed [ 'gulp-util', '2.2.20' ]
188 verbose addNamed [ '2.2.20', '2.2.20' ]
189 silly lockFile 48c194cb-gulp-util-2-2-20 gulp-util@2.2.20
190 verbose lock gulp-util@2.2.20 /Users/mbernardini/.npm/48c194cb-gulp-util-2-2-20.lock
191 http 200 https://registry.npmjs.org/gulp
192 silly registry.get cb [ 200,
192 silly registry.get   { date: 'Thu, 08 Jan 2015 12:55:25 GMT',
192 silly registry.get     server: 'CouchDB/1.5.0 (Erlang OTP/R16B03)',
192 silly registry.get     etag: '"CR6BGVXIXJCSGABZE2YXKSHD8"',
192 silly registry.get     'content-type': 'application/json',
192 silly registry.get     'cache-control': 'max-age=60',
192 silly registry.get     'content-length': '96812',
192 silly registry.get     'accept-ranges': 'bytes',
192 silly registry.get     via: '1.1 varnish',
192 silly registry.get     age: '25',
192 silly registry.get     'x-served-by': 'cache-fra1243-FRA',
192 silly registry.get     'x-cache': 'HIT',
192 silly registry.get     'x-cache-hits': '1',
192 silly registry.get     'x-timer': 'S1420721725.449018,VS0,VE0',
192 silly registry.get     vary: 'Accept',
192 silly registry.get     'keep-alive': 'timeout=10, max=50',
192 silly registry.get     connection: 'Keep-Alive' } ]
193 http 200 https://registry.npmjs.org/bower
194 silly registry.get cb [ 200,
194 silly registry.get   { date: 'Thu, 08 Jan 2015 12:55:25 GMT',
194 silly registry.get     server: 'CouchDB/1.5.0 (Erlang OTP/R16B03)',
194 silly registry.get     etag: '"4CQ493X94AJBMNYDVYENURPTC"',
194 silly registry.get     'content-type': 'application/json',
194 silly registry.get     'cache-control': 'max-age=60',
194 silly registry.get     'content-length': '105905',
194 silly registry.get     'accept-ranges': 'bytes',
194 silly registry.get     via: '1.1 varnish',
194 silly registry.get     age: '28',
194 silly registry.get     'x-served-by': 'cache-fra1230-FRA',
194 silly registry.get     'x-cache': 'HIT',
194 silly registry.get     'x-cache-hits': '1',
194 silly registry.get     'x-timer': 'S1420721725.484600,VS0,VE0',
194 silly registry.get     vary: 'Accept',
194 silly registry.get     'keep-alive': 'timeout=10, max=49',
194 silly registry.get     connection: 'Keep-Alive' } ]
195 http 200 https://registry.npmjs.org/gulp-concat
196 silly registry.get cb [ 200,
196 silly registry.get   { date: 'Thu, 08 Jan 2015 12:55:25 GMT',
196 silly registry.get     server: 'CouchDB/1.5.0 (Erlang OTP/R16B03)',
196 silly registry.get     etag: '"4PR2CFRAC3MXRMEFNR93Z6XCR"',
196 silly registry.get     'content-type': 'application/json',
196 silly registry.get     'cache-control': 'max-age=60',
196 silly registry.get     'content-length': '30288',
196 silly registry.get     'accept-ranges': 'bytes',
196 silly registry.get     via: '1.1 varnish',
196 silly registry.get     age: '0',
196 silly registry.get     'x-served-by': 'cache-fra1250-FRA',
196 silly registry.get     'x-cache': 'HIT',
196 silly registry.get     'x-cache-hits': '1',
196 silly registry.get     'x-timer': 'S1420721725.447191,VS0,VE100',
196 silly registry.get     vary: 'Accept',
196 silly registry.get     'keep-alive': 'timeout=10, max=50',
196 silly registry.get     connection: 'Keep-Alive' } ]
197 http 200 https://registry.npmjs.org/shelljs
198 silly registry.get cb [ 200,
198 silly registry.get   { date: 'Thu, 08 Jan 2015 12:55:25 GMT',
198 silly registry.get     server: 'CouchDB/1.5.0 (Erlang OTP/R16B03)',
198 silly registry.get     etag: '"99WA4JXXE1LZSJWLIV3LTEPT7"',
198 silly registry.get     'content-type': 'application/json',
198 silly registry.get     'cache-control': 'max-age=60',
198 silly registry.get     'content-length': '48552',
198 silly registry.get     'accept-ranges': 'bytes',
198 silly registry.get     via: '1.1 varnish',
198 silly registry.get     age: '47',
198 silly registry.get     'x-served-by': 'cache-fra1240-FRA',
198 silly registry.get     'x-cache': 'HIT',
198 silly registry.get     'x-cache-hits': '1',
198 silly registry.get     'x-timer': 'S1420721725.557929,VS0,VE0',
198 silly registry.get     vary: 'Accept',
198 silly registry.get     'keep-alive': 'timeout=10, max=48',
198 silly registry.get     connection: 'Keep-Alive' } ]
199 silly lockFile 34166e88-g-gulp-util-gulp-util-2-2-20-tgz https://registry.npmjs.org/gulp-util/-/gulp-util-2.2.20.tgz
200 verbose lock https://registry.npmjs.org/gulp-util/-/gulp-util-2.2.20.tgz /Users/mbernardini/.npm/34166e88-g-gulp-util-gulp-util-2-2-20-tgz.lock
201 verbose addRemoteTarball [ 'https://registry.npmjs.org/gulp-util/-/gulp-util-2.2.20.tgz',
201 verbose addRemoteTarball   'd7146e5728910bd8f047a6b0b1e549bc22dbd64c' ]
202 silly addNameRange number 2 { name: 'gulp', range: '>=3.5.6-0 <4.0.0-0', hasData: true }
203 silly addNameRange versions [ 'gulp',
203 silly addNameRange   [ '0.0.1',
203 silly addNameRange     '0.0.2',
203 silly addNameRange     '0.0.3',
203 silly addNameRange     '0.0.4',
203 silly addNameRange     '0.0.5',
203 silly addNameRange     '0.0.7',
203 silly addNameRange     '0.0.8',
203 silly addNameRange     '0.0.9',
203 silly addNameRange     '0.1.0',
203 silly addNameRange     '0.2.0',
203 silly addNameRange     '1.0.0',
203 silly addNameRange     '1.1.0',
203 silly addNameRange     '1.2.0',
203 silly addNameRange     '1.2.1',
203 silly addNameRange     '2.0.0',
203 silly addNameRange     '2.0.1',
203 silly addNameRange     '2.1.0',
203 silly addNameRange     '2.2.0',
203 silly addNameRange     '2.3.0',
203 silly addNameRange     '2.4.0',
203 silly addNameRange     '2.4.1',
203 silly addNameRange     '2.6.0',
203 silly addNameRange     '2.6.1',
203 silly addNameRange     '2.7.0',
203 silly addNameRange     '3.0.0',
203 silly addNameRange     '3.1.1',
203 silly addNameRange     '3.1.2',
203 silly addNameRange     '3.1.3',
203 silly addNameRange     '3.1.4',
203 silly addNameRange     '3.2.0',
203 silly addNameRange     '3.2.1',
203 silly addNameRange     '3.2.2',
203 silly addNameRange     '3.2.3',
203 silly addNameRange     '3.2.4',
203 silly addNameRange     '3.2.5',
203 silly addNameRange     '3.3.0',
203 silly addNameRange     '3.3.1',
203 silly addNameRange     '3.3.2',
203 silly addNameRange     '3.3.4',
203 silly addNameRange     '3.4.0',
203 silly addNameRange     '3.5.0',
203 silly addNameRange     '3.5.1',
203 silly addNameRange     '3.5.2',
203 silly addNameRange     '3.5.5',
203 silly addNameRange     '3.5.6',
203 silly addNameRange     '3.6.0',
203 silly addNameRange     '3.6.1',
203 silly addNameRange     '3.6.2',
203 silly addNameRange     '3.7.0',
203 silly addNameRange     '3.8.0',
203 silly addNameRange     '3.8.1',
203 silly addNameRange     '3.8.2',
203 silly addNameRange     '3.8.3',
203 silly addNameRange     '3.8.4',
203 silly addNameRange     '3.8.5',
203 silly addNameRange     '3.8.6',
203 silly addNameRange     '3.8.7',
203 silly addNameRange     '3.8.8',
203 silly addNameRange     '3.8.9',
203 silly addNameRange     '3.8.10' ] ]
204 verbose addNamed [ 'gulp', '3.8.10' ]
205 verbose addNamed [ '3.8.10', '3.8.10' ]
206 silly lockFile f843d0d7-gulp-3-8-10 gulp@3.8.10
207 verbose lock gulp@3.8.10 /Users/mbernardini/.npm/f843d0d7-gulp-3-8-10.lock
208 silly addNameRange number 2 { name: 'bower', range: '>=1.3.3-0 <2.0.0-0', hasData: true }
209 silly addNameRange versions [ 'bower',
209 silly addNameRange   [ '0.1.0',
209 silly addNameRange     '0.1.2',
209 silly addNameRange     '0.1.3',
209 silly addNameRange     '0.2.0',
209 silly addNameRange     '0.3.0',
209 silly addNameRange     '0.3.1',
209 silly addNameRange     '0.3.2',
209 silly addNameRange     '0.4.0',
209 silly addNameRange     '0.5.0',
209 silly addNameRange     '0.5.1',
209 silly addNameRange     '0.6.0',
209 silly addNameRange     '0.6.1',
209 silly addNameRange     '0.6.2',
209 silly addNameRange     '0.6.3',
209 silly addNameRange     '0.6.4',
209 silly addNameRange     '0.6.5',
209 silly addNameRange     '0.6.6',
209 silly addNameRange     '0.6.7',
209 silly addNameRange     '0.6.8',
209 silly addNameRange     '0.7.0',
209 silly addNameRange     '0.7.1',
209 silly addNameRange     '0.8.0',
209 silly addNameRange     '0.8.1',
209 silly addNameRange     '0.8.2',
209 silly addNameRange     '0.8.3',
209 silly addNameRange     '0.8.4',
209 silly addNameRange     '0.8.5',
209 silly addNameRange     '0.8.6',
209 silly addNameRange     '0.9.0',
209 silly addNameRange     '0.9.1',
209 silly addNameRange     '0.9.2',
209 silly addNameRange     '0.10.0',
209 silly addNameRange     '1.0.0',
209 silly addNameRange     '1.0.1',
209 silly addNameRange     '1.0.2',
209 silly addNameRange     '1.0.3',
209 silly addNameRange     '1.1.0',
209 silly addNameRange     '1.1.1',
209 silly addNameRange     '1.1.2',
209 silly addNameRange     '1.2.0',
209 silly addNameRange     '1.2.1',
209 silly addNameRange     '1.2.2',
209 silly addNameRange     '1.2.3',
209 silly addNameRange     '1.2.4',
209 silly addNameRange     '1.2.5',
209 silly addNameRange     '1.2.6',
209 silly addNameRange     '1.2.7',
209 silly addNameRange     '1.2.8',
209 silly addNameRange     '1.3.0',
209 silly addNameRange     '1.3.1',
209 silly addNameRange     '1.3.2',
209 silly addNameRange     '1.3.3',
209 silly addNameRange     '1.3.4',
209 silly addNameRange     '1.3.5',
209 silly addNameRange     '1.3.6',
209 silly addNameRange     '1.3.7',
209 silly addNameRange     '1.3.8',
209 silly addNameRange     '1.3.9',
209 silly addNameRange     '1.3.10',
209 silly addNameRange     '1.3.11',
209 silly addNameRange     '1.3.12' ] ]
210 verbose addNamed [ 'bower', '1.3.12' ]
211 verbose addNamed [ '1.3.12', '1.3.12' ]
212 silly lockFile 9819431c-bower-1-3-12 bower@1.3.12
213 verbose lock bower@1.3.12 /Users/mbernardini/.npm/9819431c-bower-1-3-12.lock
214 silly addNameRange number 2 { name: 'gulp-concat',
214 silly addNameRange   range: '>=2.2.0-0 <3.0.0-0',
214 silly addNameRange   hasData: true }
215 silly addNameRange versions [ 'gulp-concat',
215 silly addNameRange   [ '0.0.1',
215 silly addNameRange     '1.0.0',
215 silly addNameRange     '1.1.0',
215 silly addNameRange     '2.0.0',
215 silly addNameRange     '2.1.0',
215 silly addNameRange     '2.1.1',
215 silly addNameRange     '2.1.2',
215 silly addNameRange     '2.1.3',
215 silly addNameRange     '2.1.4',
215 silly addNameRange     '2.1.5',
215 silly addNameRange     '2.1.6',
215 silly addNameRange     '2.1.7',
215 silly addNameRange     '2.2.0',
215 silly addNameRange     '2.3.0',
215 silly addNameRange     '2.3.3',
215 silly addNameRange     '2.3.4',
215 silly addNameRange     '2.3.5',
215 silly addNameRange     '2.4.0',
215 silly addNameRange     '2.4.1',
215 silly addNameRange     '2.4.2',
215 silly addNameRange     '2.4.3' ] ]
216 verbose addNamed [ 'gulp-concat', '2.4.3' ]
217 verbose addNamed [ '2.4.3', '2.4.3' ]
218 silly lockFile 07935a45-gulp-concat-2-4-3 gulp-concat@2.4.3
219 verbose lock gulp-concat@2.4.3 /Users/mbernardini/.npm/07935a45-gulp-concat-2-4-3.lock
220 http 200 https://registry.npmjs.org/gulp-rename/-/gulp-rename-1.2.0.tgz
221 http 200 https://registry.npmjs.org/gulp-minify-css/-/gulp-minify-css-0.3.11.tgz
222 info retry fetch attempt 1 at 13:55:25
223 verbose fetch to= /var/folders/mc/7g16x1vj2_g8xw6521lvm2xw0000gn/T/npm-1623-V1V1z_N9/registry.npmjs.org/gulp-util/-/gulp-util-2.2.20.tgz
224 silly addNameRange number 2 { name: 'shelljs', range: '>=0.3.0-0 <0.4.0-0', hasData: true }
225 silly addNameRange versions [ 'shelljs',
225 silly addNameRange   [ '0.0.1',
225 silly addNameRange     '0.0.2',
225 silly addNameRange     '0.0.3',
225 silly addNameRange     '0.0.4',
225 silly addNameRange     '0.0.5',
225 silly addNameRange     '0.0.6',
225 silly addNameRange     '0.0.7',
225 silly addNameRange     '0.0.8',
225 silly addNameRange     '0.0.9',
225 silly addNameRange     '0.1.0',
225 silly addNameRange     '0.1.1',
225 silly addNameRange     '0.1.2',
225 silly addNameRange     '0.1.3',
225 silly addNameRange     '0.1.4',
225 silly addNameRange     '0.2.0',
225 silly addNameRange     '0.2.1',
225 silly addNameRange     '0.2.2',
225 silly addNameRange     '0.2.3',
225 silly addNameRange     '0.2.4',
225 silly addNameRange     '0.2.5',
225 silly addNameRange     '0.2.6',
225 silly addNameRange     '0.3.0',
225 silly addNameRange     '0.0.1-alpha1',
225 silly addNameRange     '0.0.2-pre1',
225 silly addNameRange     '0.0.4-pre1',
225 silly addNameRange     '0.0.5-pre1',
225 silly addNameRange     '0.0.5-pre2',
225 silly addNameRange     '0.0.5-pre3',
225 silly addNameRange     '0.0.5-pre4',
225 silly addNameRange     '0.0.6-pre1',
225 silly addNameRange     '0.0.6-pre2' ] ]
226 verbose addNamed [ 'shelljs', '0.3.0' ]
227 verbose addNamed [ '0.3.0', '0.3.0' ]
228 silly lockFile 7d3918b1-shelljs-0-3-0 shelljs@0.3.0
229 verbose lock shelljs@0.3.0 /Users/mbernardini/.npm/7d3918b1-shelljs-0-3-0.lock
230 http GET https://registry.npmjs.org/gulp-util/-/gulp-util-2.2.20.tgz
231 silly lockFile b05fd70b-npmjs-org-bower-bower-1-3-12-tgz https://registry.npmjs.org/bower/-/bower-1.3.12.tgz
232 verbose lock https://registry.npmjs.org/bower/-/bower-1.3.12.tgz /Users/mbernardini/.npm/b05fd70b-npmjs-org-bower-bower-1-3-12-tgz.lock
233 silly lockFile ed610d0c-ulp-concat-gulp-concat-2-4-3-tgz https://registry.npmjs.org/gulp-concat/-/gulp-concat-2.4.3.tgz
234 verbose lock https://registry.npmjs.org/gulp-concat/-/gulp-concat-2.4.3.tgz /Users/mbernardini/.npm/ed610d0c-ulp-concat-gulp-concat-2-4-3-tgz.lock
235 silly lockFile b3287162-y-npmjs-org-gulp-gulp-3-8-10-tgz https://registry.npmjs.org/gulp/-/gulp-3.8.10.tgz
236 verbose lock https://registry.npmjs.org/gulp/-/gulp-3.8.10.tgz /Users/mbernardini/.npm/b3287162-y-npmjs-org-gulp-gulp-3-8-10-tgz.lock
237 verbose addRemoteTarball [ 'https://registry.npmjs.org/bower/-/bower-1.3.12.tgz',
237 verbose addRemoteTarball   '37de0edb3904baf90aee13384a1a379a05ee214c' ]
238 silly lockFile 71d5ea4a-js-org-shelljs-shelljs-0-3-0-tgz https://registry.npmjs.org/shelljs/-/shelljs-0.3.0.tgz
239 verbose lock https://registry.npmjs.org/shelljs/-/shelljs-0.3.0.tgz /Users/mbernardini/.npm/71d5ea4a-js-org-shelljs-shelljs-0-3-0-tgz.lock
240 verbose addRemoteTarball [ 'https://registry.npmjs.org/gulp/-/gulp-3.8.10.tgz',
240 verbose addRemoteTarball   'bfb8fc156be97820f02a7f8b3af61a86666f9e31' ]
241 verbose addRemoteTarball [ 'https://registry.npmjs.org/gulp-concat/-/gulp-concat-2.4.3.tgz',
241 verbose addRemoteTarball   'dd913c3773b02f9dfb3f70e30215dc07a5cf32f7' ]
242 verbose addRemoteTarball [ 'https://registry.npmjs.org/shelljs/-/shelljs-0.3.0.tgz',
242 verbose addRemoteTarball   '3596e6307a781544f591f37da618360f31db57b1' ]
243 info retry fetch attempt 1 at 13:55:25
244 verbose fetch to= /var/folders/mc/7g16x1vj2_g8xw6521lvm2xw0000gn/T/npm-1623-V1V1z_N9/registry.npmjs.org/bower/-/bower-1.3.12.tgz
245 info retry fetch attempt 1 at 13:55:25
246 verbose fetch to= /var/folders/mc/7g16x1vj2_g8xw6521lvm2xw0000gn/T/npm-1623-V1V1z_N9/registry.npmjs.org/gulp/-/gulp-3.8.10.tgz
247 http GET https://registry.npmjs.org/bower/-/bower-1.3.12.tgz
248 info retry fetch attempt 1 at 13:55:25
249 verbose fetch to= /var/folders/mc/7g16x1vj2_g8xw6521lvm2xw0000gn/T/npm-1623-V1V1z_N9/registry.npmjs.org/gulp-concat/-/gulp-concat-2.4.3.tgz
250 info retry fetch attempt 1 at 13:55:25
251 verbose fetch to= /var/folders/mc/7g16x1vj2_g8xw6521lvm2xw0000gn/T/npm-1623-V1V1z_N9/registry.npmjs.org/shelljs/-/shelljs-0.3.0.tgz
252 http GET https://registry.npmjs.org/gulp/-/gulp-3.8.10.tgz
253 http GET https://registry.npmjs.org/gulp-concat/-/gulp-concat-2.4.3.tgz
254 http GET https://registry.npmjs.org/shelljs/-/shelljs-0.3.0.tgz
255 silly lockFile b4be9a05-ulp-rename-gulp-rename-1-2-0-tgz https://registry.npmjs.org/gulp-rename/-/gulp-rename-1.2.0.tgz
256 silly lockFile b4be9a05-ulp-rename-gulp-rename-1-2-0-tgz https://registry.npmjs.org/gulp-rename/-/gulp-rename-1.2.0.tgz
257 silly lockFile ae01cb9a-y-css-gulp-minify-css-0-3-11-tgz https://registry.npmjs.org/gulp-minify-css/-/gulp-minify-css-0.3.11.tgz
258 silly lockFile ae01cb9a-y-css-gulp-minify-css-0-3-11-tgz https://registry.npmjs.org/gulp-minify-css/-/gulp-minify-css-0.3.11.tgz
259 silly lockFile 5981c611-gulp-rename-1-2-0 gulp-rename@1.2.0
260 silly lockFile 5981c611-gulp-rename-1-2-0 gulp-rename@1.2.0
261 silly lockFile 45873031-gulp-minify-css-0-3-11 gulp-minify-css@0.3.11
262 silly lockFile 45873031-gulp-minify-css-0-3-11 gulp-minify-css@0.3.11
263 silly lockFile 31cef36d-gulp-rename-1-2-0 gulp-rename@^1.2.0
264 silly lockFile 31cef36d-gulp-rename-1-2-0 gulp-rename@^1.2.0
265 silly lockFile 97140670-gulp-minify-css-0-3-0 gulp-minify-css@^0.3.0
266 silly lockFile 97140670-gulp-minify-css-0-3-0 gulp-minify-css@^0.3.0
267 http 200 https://registry.npmjs.org/gulp-util/-/gulp-util-2.2.20.tgz
268 http 200 https://registry.npmjs.org/gulp-concat/-/gulp-concat-2.4.3.tgz
269 silly lockFile 34166e88-g-gulp-util-gulp-util-2-2-20-tgz https://registry.npmjs.org/gulp-util/-/gulp-util-2.2.20.tgz
270 silly lockFile 34166e88-g-gulp-util-gulp-util-2-2-20-tgz https://registry.npmjs.org/gulp-util/-/gulp-util-2.2.20.tgz
271 silly lockFile 48c194cb-gulp-util-2-2-20 gulp-util@2.2.20
272 silly lockFile 48c194cb-gulp-util-2-2-20 gulp-util@2.2.20
273 silly lockFile e3e5f16b-gulp-util-2-2-14 gulp-util@^2.2.14
274 silly lockFile e3e5f16b-gulp-util-2-2-14 gulp-util@^2.2.14
275 http 200 https://registry.npmjs.org/bower/-/bower-1.3.12.tgz
276 silly lockFile ed610d0c-ulp-concat-gulp-concat-2-4-3-tgz https://registry.npmjs.org/gulp-concat/-/gulp-concat-2.4.3.tgz
277 silly lockFile ed610d0c-ulp-concat-gulp-concat-2-4-3-tgz https://registry.npmjs.org/gulp-concat/-/gulp-concat-2.4.3.tgz
278 silly lockFile 07935a45-gulp-concat-2-4-3 gulp-concat@2.4.3
279 silly lockFile 07935a45-gulp-concat-2-4-3 gulp-concat@2.4.3
280 silly lockFile bade1119-gulp-concat-2-2-0 gulp-concat@^2.2.0
281 silly lockFile bade1119-gulp-concat-2-2-0 gulp-concat@^2.2.0
282 http 200 https://registry.npmjs.org/gulp/-/gulp-3.8.10.tgz
283 http 200 https://registry.npmjs.org/shelljs/-/shelljs-0.3.0.tgz
284 silly lockFile b3287162-y-npmjs-org-gulp-gulp-3-8-10-tgz https://registry.npmjs.org/gulp/-/gulp-3.8.10.tgz
285 silly lockFile b3287162-y-npmjs-org-gulp-gulp-3-8-10-tgz https://registry.npmjs.org/gulp/-/gulp-3.8.10.tgz
286 silly lockFile f843d0d7-gulp-3-8-10 gulp@3.8.10
287 silly lockFile f843d0d7-gulp-3-8-10 gulp@3.8.10
288 silly lockFile 28ac0b1b-gulp-3-5-6 gulp@^3.5.6
289 silly lockFile 28ac0b1b-gulp-3-5-6 gulp@^3.5.6
290 silly lockFile 71d5ea4a-js-org-shelljs-shelljs-0-3-0-tgz https://registry.npmjs.org/shelljs/-/shelljs-0.3.0.tgz
291 silly lockFile 71d5ea4a-js-org-shelljs-shelljs-0-3-0-tgz https://registry.npmjs.org/shelljs/-/shelljs-0.3.0.tgz
292 silly lockFile 7d3918b1-shelljs-0-3-0 shelljs@0.3.0
293 silly lockFile 7d3918b1-shelljs-0-3-0 shelljs@0.3.0
294 silly lockFile 1ddaa962-shelljs-0-3-0 shelljs@^0.3.0
295 silly lockFile 1ddaa962-shelljs-0-3-0 shelljs@^0.3.0
296 silly lockFile b05fd70b-npmjs-org-bower-bower-1-3-12-tgz https://registry.npmjs.org/bower/-/bower-1.3.12.tgz
297 silly lockFile b05fd70b-npmjs-org-bower-bower-1-3-12-tgz https://registry.npmjs.org/bower/-/bower-1.3.12.tgz
298 silly lockFile 9819431c-bower-1-3-12 bower@1.3.12
299 silly lockFile 9819431c-bower-1-3-12 bower@1.3.12
300 silly lockFile 0aa5c27e-bower-1-3-3 bower@^1.3.3
301 silly lockFile 0aa5c27e-bower-1-3-3 bower@^1.3.3
302 http 200 https://registry.npmjs.org/gulp-sass
303 silly registry.get cb [ 200,
303 silly registry.get   { date: 'Thu, 08 Jan 2015 12:55:25 GMT',
303 silly registry.get     server: 'CouchDB/1.5.0 (Erlang OTP/R14B04)',
303 silly registry.get     etag: '"1NHYTN46FBHKQYXTR51X88IXG"',
303 silly registry.get     'content-type': 'application/json',
303 silly registry.get     'cache-control': 'max-age=60',
303 silly registry.get     'content-length': '27162',
303 silly registry.get     'accept-ranges': 'bytes',
303 silly registry.get     via: '1.1 varnish',
303 silly registry.get     age: '0',
303 silly registry.get     'x-served-by': 'cache-fra1230-FRA',
303 silly registry.get     'x-cache': 'HIT',
303 silly registry.get     'x-cache-hits': '1',
303 silly registry.get     'x-timer': 'S1420721725.460533,VS0,VE421',
303 silly registry.get     vary: 'Accept',
303 silly registry.get     'keep-alive': 'timeout=10, max=50',
303 silly registry.get     connection: 'Keep-Alive' } ]
304 silly addNameRange number 2 { name: 'gulp-sass', range: '>=0.7.1-0 <0.8.0-0', hasData: true }
305 silly addNameRange versions [ 'gulp-sass',
305 silly addNameRange   [ '0.1.0',
305 silly addNameRange     '0.2.1',
305 silly addNameRange     '0.2.2',
305 silly addNameRange     '0.2.3',
305 silly addNameRange     '0.3.0',
305 silly addNameRange     '0.4.0',
305 silly addNameRange     '0.4.1',
305 silly addNameRange     '0.5.0',
305 silly addNameRange     '0.5.1',
305 silly addNameRange     '0.5.2',
305 silly addNameRange     '0.6.0',
305 silly addNameRange     '0.7.0',
305 silly addNameRange     '0.7.1',
305 silly addNameRange     '0.7.2',
305 silly addNameRange     '0.7.3',
305 silly addNameRange     '1.0.0',
305 silly addNameRange     '1.1.0',
305 silly addNameRange     '1.2.0',
305 silly addNameRange     '1.2.1',
305 silly addNameRange     '1.2.2',
305 silly addNameRange     '1.2.3',
305 silly addNameRange     '1.2.4' ] ]
306 verbose addNamed [ 'gulp-sass', '0.7.3' ]
307 verbose addNamed [ '0.7.3', '0.7.3' ]
308 silly lockFile 721f0c96-gulp-sass-0-7-3 gulp-sass@0.7.3
309 verbose lock gulp-sass@0.7.3 /Users/mbernardini/.npm/721f0c96-gulp-sass-0-7-3.lock
310 silly lockFile d66f14f4-rg-gulp-sass-gulp-sass-0-7-3-tgz https://registry.npmjs.org/gulp-sass/-/gulp-sass-0.7.3.tgz
311 verbose lock https://registry.npmjs.org/gulp-sass/-/gulp-sass-0.7.3.tgz /Users/mbernardini/.npm/d66f14f4-rg-gulp-sass-gulp-sass-0-7-3-tgz.lock
312 verbose addRemoteTarball [ 'https://registry.npmjs.org/gulp-sass/-/gulp-sass-0.7.3.tgz',
312 verbose addRemoteTarball   '4bfbb4e4d95a40be8beeebe07e8e477e7f7a2edc' ]
313 info retry fetch attempt 1 at 13:55:25
314 verbose fetch to= /var/folders/mc/7g16x1vj2_g8xw6521lvm2xw0000gn/T/npm-1623-V1V1z_N9/registry.npmjs.org/gulp-sass/-/gulp-sass-0.7.3.tgz
315 http GET https://registry.npmjs.org/gulp-sass/-/gulp-sass-0.7.3.tgz
316 http 200 https://registry.npmjs.org/gulp-sass/-/gulp-sass-0.7.3.tgz
317 silly lockFile d66f14f4-rg-gulp-sass-gulp-sass-0-7-3-tgz https://registry.npmjs.org/gulp-sass/-/gulp-sass-0.7.3.tgz
318 silly lockFile d66f14f4-rg-gulp-sass-gulp-sass-0-7-3-tgz https://registry.npmjs.org/gulp-sass/-/gulp-sass-0.7.3.tgz
319 silly lockFile 721f0c96-gulp-sass-0-7-3 gulp-sass@0.7.3
320 silly lockFile 721f0c96-gulp-sass-0-7-3 gulp-sass@0.7.3
321 silly lockFile 77100620-gulp-sass-0-7-1 gulp-sass@^0.7.1
322 silly lockFile 77100620-gulp-sass-0-7-1 gulp-sass@^0.7.1
323 error Error: EACCES, mkdir '/Users/mbernardini/.npm/gulp-util/2.2.20'
323 error  { [Error: EACCES, mkdir '/Users/mbernardini/.npm/gulp-util/2.2.20']
323 error   errno: 3,
323 error   code: 'EACCES',
323 error   path: '/Users/mbernardini/.npm/gulp-util/2.2.20',
323 error   parent: 'foodmapsadmin' }
324 error Please try running this command again as root/Administrator.
325 error System Darwin 14.0.0
326 error command "node" "/usr/local/bin/npm" "install"
327 error cwd /Users/mbernardini/ionic/foodmapsadmin
328 error node -v v0.10.33
329 error npm -v 1.4.28
330 error path /Users/mbernardini/.npm/gulp-util/2.2.20
331 error code EACCES
332 error errno 3
333 error stack Error: EACCES, mkdir '/Users/mbernardini/.npm/gulp-util/2.2.20'
334 verbose exit [ 3, true ]
